chains
prospect
alas
chap
chat
chop
clad
clap
claw
clay
clog
clot
clue
coal
coat
coax
coup
crop
flag
flap
flat
glad
heap
leap
plan
play
slab
slav
slay
slep
slip
snap
trap
wrap
thought
grasping
wellbehaved
corporeal
strasba
blot
clot
leak
meal
mean
meat
peak
weak
intrude
theres
an
em
en
es
ex
in
on
un
beant
being
below
blind
bring
reins
veins
arm
ave
cum
dam
dim
eve
him
ive
kem
mem
rom
rum
sad
sam
sap
sat
saw
say
sea
see
set
sex
she
sin
sir
sit
six
sky
smy
sob
soh
son
ste
sto
sum
sun
sup
swe
tom
xvi
installed
youwith
augustanother
attuned
frontier
