capitaling
cassididae
carpet
cataplastic
cataplastic
cataplastic
chagrined
canicular
No words found
catchpoleship
cardin
cephalacanthidae
caulking
caph
cantalever
caph
caproyl
caproyl
caproyl
No words found
canicular
caph
cerate
cathar
cerebrosclerosis
cantalever
canicular
ceramiaceae
ceryl
cerate
caraguata
caravel
caraguata
cathrin
chadarim
cevian
caph
catechetic
catenas
catechetic
censorious
cantinas
carrat
cantinas
caseworms
cdr
cathar
casablanca
canorousness
cardiant
cardiomegaly
cementatory
cemetery
cementatory
caudatory
canonesses
cele
cangy
cappers
cespitulose
cestoi
cespitulose
canvasado
catabolic
cathar
catallactic
cauchemar
chace
certificates
cele
cangy
caph
cantinas
catallactic
carnalized
capitaling
capitaling
capitaling
capitaling
causeway
canterburianism
caraguata
cantinas
carolitic
carpincho
catenas
catenas
catenas
cele
carryon
carryon
carryon
capitaling
carmakers
cdr
cauchemar
casebearer
casebook
casebearer
cdr
caph
canonises
cantinas
carbohemoglobin
ceryl
ceryl
ceryl
cantinas
ceramicist
casablanca
No words found
cangy
cantinas
cangy
cangy
caulicule
caulicule
caulicule
cdr
No words found
cauchemar
cangy
cdr
cantinas
canorousness
cathedraticum
cangy
caph
cantinas
cenobitic
chainmaker
chainmaker
chainmaker
carapidae
carpellate
carpincho
cestoi
